<?xml version="1.0" encoding="UTF-8"?>
<!-- Generated by org.testng.reporters.JUnitXMLReporter -->
<testsuite ignored="0" hostname="Naveen" failures="0" tests="19" name="Test" time="101.405" errors="0" timestamp="2024-04-11T16:57:14 IST">
  <testcase classname="api.test.StudentTest" name="createStudentApi" time="6.33"/>
  <testcase classname="api.test.StudentTest" name="getCreatedStudentInfo" time="3.053"/>
  <testcase classname="api.test.StudentTest" name="deleteStudentInfo" time="4.404"/>
  <testcase classname="api.test.StudentTest2" name="createStudentApi" time="3.566"/>
  <testcase classname="api.test.StudentTest2" name="getCreatedStudentInfo" time="2.793"/>
  <testcase classname="api.test.StudentTest2" name="deleteStudentInfo" time="2.946"/>
  <testcase classname="api.test.StdBulkImportTest" name="testDataFromExcel" time="3.387"/>
  <testcase classname="api.test.StdBulkImportTest" name="testDataFromExcel" time="3.812"/>
  <testcase classname="api.test.StdBulkImportTest" name="viewFileInfo" time="3.149"/>
  <testcase classname="api.test.StdBulkImportTest" name="AddStudentExcel" time="4.028"/>
  <testcase classname="api.test.StdBulkImportTest" name="getBulkStudentInfo" time="5.778"/>
  <testcase classname="api.test.StdBulkImportTest" name="deleteBulkStudent" time="5.607"/>
  <testcase classname="api.staffTest.StaffCreationTest" name="uploadTimeTable" time="3.402"/>
  <testcase classname="api.staffTest.StaffCreationTest" name="uploadProfile_Happening" time="21.75"/>
  <testcase classname="api.staffTest.StaffCreationTest" name="uploadProfile_teacher" time="10.702"/>
  <testcase classname="api.staffTest.StaffCreationTest" name="StaffCreation" time="3.259"/>
  <testcase classname="api.staffTest.StaffCreationTest" name="getStaffDetails" time="2.859"/>
  <testcase classname="api.staffTest.StaffCreationTest" name="UpdateStaff" time="3.284"/>
  <testcase classname="api.staffTest.StaffCreationTest" name="deleteStaff" time="2.769"/>
</testsuite> <!-- Test -->
