<?xml version="1.0" encoding="UTF-8"?>
<!-- Generated by org.testng.reporters.JUnitXMLReporter -->
<testsuite ignored="0" hostname="Naveen" failures="0" tests="3" name="Test" time="13.501" errors="0" timestamp="2024-02-29T19:41:45 IST">
  <testcase classname="api.test.StudentTest" name="createStudentApi" time="6.592"/>
  <testcase classname="api.test.StudentTest" name="getCreatedStudentInfo" time="2.825"/>
  <testcase classname="api.test.StudentTest" name="deleteStudentInfo" time="3.635"/>
</testsuite> <!-- Test -->
