<?xml version="1.0" encoding="UTF-8"?>
<testng-results ignored="0" total="4" passed="2" failed="2" skipped="0">
  <reporter-output>
  </reporter-output>
  <suite started-at="2024-03-06T12:03:08 IST" name="Default suite" finished-at="2024-03-06T12:03:25 IST" duration-ms="16787">
    <groups>
    </groups>
    <test started-at="2024-03-06T12:03:08 IST" name="Default test" finished-at="2024-03-06T12:03:25 IST" duration-ms="16787">
      <class name="api.test.StdBulkImportTest">
        <test-method signature="testDataFromExcel(java.lang.String,java.lang.String,java.lang.String,java.lang.String,java.lang.String,java.lang.String,java.lang.String,java.lang.String,java.lang.String,java.lang.String,java.lang.String,java.lang.String,java.lang.String,java.lang.String,java.lang.String,java.lang.String,java.lang.String,java.lang.String,java.lang.String,java.lang.String,java.lang.String,java.lang.String,java.lang.String,java.lang.String,java.lang.String,java.lang.String,java.lang.String,java.lang.String,java.lang.String,java.lang.String,java.lang.String,java.lang.String,java.lang.String,java.lang.String,java.lang.String,java.lang.String,java.lang.String,java.lang.String,java.lang.String,java.lang.String,java.lang.String,java.lang.String,java.lang.String,java.lang.String,java.lang.String,java.lang.String,java.lang.String,java.lang.String,java.lang.String,java.lang.String,java.lang.String,java.lang.String,java.lang.String,java.lang.String,java.lang.String,java.lang.String,java.lang.String,java.lang.String)[pri:1, instance:api.test.StdBulkImportTest@7ea9e1e2]" started-at="2024-03-06T12:03:12 IST" name="testDataFromExcel" data-provider="StdBulk" finished-at="2024-03-06T12:03:19 IST" duration-ms="6680" status="PASS">
          <params>
            <param index="0">
              <value>
                <![CDATA[7878]]>
              </value>
            </param>
            <param index="1">
              <value>
                <![CDATA[]]>
              </value>
            </param>
            <param index="2">
              <value>
                <![CDATA[Aruluu]]>
              </value>
            </param>
            <param index="3">
              <value>
                <![CDATA[male]]>
              </value>
            </param>
            <param index="4">
              <value>
                <![CDATA[10/12/10]]>
              </value>
            </param>
            <param index="5">
              <value>
                <![CDATA[Grade 1 for R2.0]]>
              </value>
            </param>
            <param index="6">
              <value>
                <![CDATA[A]]>
              </value>
            </param>
            <param index="7">
              <value>
                <![CDATA[909089897873]]>
              </value>
            </param>
            <param index="8">
              <value>
                <![CDATA[]]>
              </value>
            </param>
            <param index="9">
              <value>
                <![CDATA[]]>
              </value>
            </param>
            <param index="10">
              <value>
                <![CDATA[]]>
              </value>
            </param>
            <param index="11">
              <value>
                <![CDATA[]]>
              </value>
            </param>
            <param index="12">
              <value>
                <![CDATA[]]>
              </value>
            </param>
            <param index="13">
              <value>
                <![CDATA[]]>
              </value>
            </param>
            <param index="14">
              <value>
                <![CDATA[]]>
              </value>
            </param>
            <param index="15">
              <value>
                <![CDATA[]]>
              </value>
            </param>
            <param index="16">
              <value>
                <![CDATA[]]>
              </value>
            </param>
            <param index="17">
              <value>
                <![CDATA[]]>
              </value>
            </param>
            <param index="18">
              <value>
                <![CDATA[]]>
              </value>
            </param>
            <param index="19">
              <value>
                <![CDATA[]]>
              </value>
            </param>
            <param index="20">
              <value>
                <![CDATA[]]>
              </value>
            </param>
            <param index="21">
              <value>
                <![CDATA[]]>
              </value>
            </param>
            <param index="22">
              <value>
                <![CDATA[]]>
              </value>
            </param>
            <param index="23">
              <value>
                <![CDATA[]]>
              </value>
            </param>
            <param index="24">
              <value>
                <![CDATA[Karthik1]]>
              </value>
            </param>
            <param index="25">
              <value>
                <![CDATA[8805968954]]>
              </value>
            </param>
            <param index="26">
              <value>
                <![CDATA[testerpiccomail@gmail.com]]>
              </value>
            </param>
            <param index="27">
              <value>
                <![CDATA[]]>
              </value>
            </param>
            <param index="28">
              <value>
                <![CDATA[]]>
              </value>
            </param>
            <param index="29">
              <value>
                <![CDATA[]]>
              </value>
            </param>
            <param index="30">
              <value>
                <![CDATA[]]>
              </value>
            </param>
            <param index="31">
              <value>
                <![CDATA[]]>
              </value>
            </param>
            <param index="32">
              <value>
                <![CDATA[]]>
              </value>
            </param>
            <param index="33">
              <value>
                <![CDATA[]]>
              </value>
            </param>
            <param index="34">
              <value>
                <![CDATA[]]>
              </value>
            </param>
            <param index="35">
              <value>
                <![CDATA[ssf]]>
              </value>
            </param>
            <param index="36">
              <value>
                <![CDATA[]]>
              </value>
            </param>
            <param index="37">
              <value>
                <![CDATA[]]>
              </value>
            </param>
            <param index="38">
              <value>
                <![CDATA[]]>
              </value>
            </param>
            <param index="39">
              <value>
                <![CDATA[]]>
              </value>
            </param>
            <param index="40">
              <value>
                <![CDATA[]]>
              </value>
            </param>
            <param index="41">
              <value>
                <![CDATA[]]>
              </value>
            </param>
            <param index="42">
              <value>
                <![CDATA[]]>
              </value>
            </param>
            <param index="43">
              <value>
                <![CDATA[]]>
              </value>
            </param>
            <param index="44">
              <value>
                <![CDATA[]]>
              </value>
            </param>
            <param index="45">
              <value>
                <![CDATA[]]>
              </value>
            </param>
            <param index="46">
              <value>
                <![CDATA[]]>
              </value>
            </param>
            <param index="47">
              <value>
                <![CDATA[]]>
              </value>
            </param>
            <param index="48">
              <value>
                <![CDATA[]]>
              </value>
            </param>
            <param index="49">
              <value>
                <![CDATA[]]>
              </value>
            </param>
            <param index="50">
              <value>
                <![CDATA[]]>
              </value>
            </param>
            <param index="51">
              <value>
                <![CDATA[]]>
              </value>
            </param>
            <param index="52">
              <value>
                <![CDATA[]]>
              </value>
            </param>
            <param index="53">
              <value>
                <![CDATA[]]>
              </value>
            </param>
            <param index="54">
              <value>
                <![CDATA[]]>
              </value>
            </param>
            <param index="55">
              <value>
                <![CDATA[]]>
              </value>
            </param>
            <param index="56">
              <value>
                <![CDATA[]]>
              </value>
            </param>
            <param index="57">
              <value>
                <![CDATA[father]]>
              </value>
            </param>
          </params>
          <reporter-output>
          </reporter-output>
        </test-method> <!-- testDataFromExcel -->
        <test-method signature="testDataFromExcel(java.lang.String,java.lang.String,java.lang.String,java.lang.String,java.lang.String,java.lang.String,java.lang.String,java.lang.String,java.lang.String,java.lang.String,java.lang.String,java.lang.String,java.lang.String,java.lang.String,java.lang.String,java.lang.String,java.lang.String,java.lang.String,java.lang.String,java.lang.String,java.lang.String,java.lang.String,java.lang.String,java.lang.String,java.lang.String,java.lang.String,java.lang.String,java.lang.String,java.lang.String,java.lang.String,java.lang.String,java.lang.String,java.lang.String,java.lang.String,java.lang.String,java.lang.String,java.lang.String,java.lang.String,java.lang.String,java.lang.String,java.lang.String,java.lang.String,java.lang.String,java.lang.String,java.lang.String,java.lang.String,java.lang.String,java.lang.String,java.lang.String,java.lang.String,java.lang.String,java.lang.String,java.lang.String,java.lang.String,java.lang.String,java.lang.String,java.lang.String,java.lang.String)[pri:1, instance:api.test.StdBulkImportTest@7ea9e1e2]" started-at="2024-03-06T12:03:19 IST" name="testDataFromExcel" data-provider="StdBulk" finished-at="2024-03-06T12:03:22 IST" duration-ms="3216" status="PASS">
          <params>
            <param index="0">
              <value>
                <![CDATA[7777]]>
              </value>
            </param>
            <param index="1">
              <value>
                <![CDATA[]]>
              </value>
            </param>
            <param index="2">
              <value>
                <![CDATA[Naveenuuuuu]]>
              </value>
            </param>
            <param index="3">
              <value>
                <![CDATA[male]]>
              </value>
            </param>
            <param index="4">
              <value>
                <![CDATA[10/12/10]]>
              </value>
            </param>
            <param index="5">
              <value>
                <![CDATA[Grade 1 for R2.0]]>
              </value>
            </param>
            <param index="6">
              <value>
                <![CDATA[B]]>
              </value>
            </param>
            <param index="7">
              <value>
                <![CDATA[909089897873]]>
              </value>
            </param>
            <param index="8">
              <value>
                <![CDATA[]]>
              </value>
            </param>
            <param index="9">
              <value>
                <![CDATA[]]>
              </value>
            </param>
            <param index="10">
              <value>
                <![CDATA[]]>
              </value>
            </param>
            <param index="11">
              <value>
                <![CDATA[]]>
              </value>
            </param>
            <param index="12">
              <value>
                <![CDATA[]]>
              </value>
            </param>
            <param index="13">
              <value>
                <![CDATA[]]>
              </value>
            </param>
            <param index="14">
              <value>
                <![CDATA[]]>
              </value>
            </param>
            <param index="15">
              <value>
                <![CDATA[]]>
              </value>
            </param>
            <param index="16">
              <value>
                <![CDATA[]]>
              </value>
            </param>
            <param index="17">
              <value>
                <![CDATA[]]>
              </value>
            </param>
            <param index="18">
              <value>
                <![CDATA[]]>
              </value>
            </param>
            <param index="19">
              <value>
                <![CDATA[]]>
              </value>
            </param>
            <param index="20">
              <value>
                <![CDATA[]]>
              </value>
            </param>
            <param index="21">
              <value>
                <![CDATA[]]>
              </value>
            </param>
            <param index="22">
              <value>
                <![CDATA[]]>
              </value>
            </param>
            <param index="23">
              <value>
                <![CDATA[]]>
              </value>
            </param>
            <param index="24">
              <value>
                <![CDATA[Karthik1]]>
              </value>
            </param>
            <param index="25">
              <value>
                <![CDATA[8805968954]]>
              </value>
            </param>
            <param index="26">
              <value>
                <![CDATA[testerpiccomail@gmail.com]]>
              </value>
            </param>
            <param index="27">
              <value>
                <![CDATA[]]>
              </value>
            </param>
            <param index="28">
              <value>
                <![CDATA[]]>
              </value>
            </param>
            <param index="29">
              <value>
                <![CDATA[]]>
              </value>
            </param>
            <param index="30">
              <value>
                <![CDATA[]]>
              </value>
            </param>
            <param index="31">
              <value>
                <![CDATA[]]>
              </value>
            </param>
            <param index="32">
              <value>
                <![CDATA[]]>
              </value>
            </param>
            <param index="33">
              <value>
                <![CDATA[]]>
              </value>
            </param>
            <param index="34">
              <value>
                <![CDATA[]]>
              </value>
            </param>
            <param index="35">
              <value>
                <![CDATA[dasda]]>
              </value>
            </param>
            <param index="36">
              <value>
                <![CDATA[]]>
              </value>
            </param>
            <param index="37">
              <value>
                <![CDATA[]]>
              </value>
            </param>
            <param index="38">
              <value>
                <![CDATA[]]>
              </value>
            </param>
            <param index="39">
              <value>
                <![CDATA[]]>
              </value>
            </param>
            <param index="40">
              <value>
                <![CDATA[]]>
              </value>
            </param>
            <param index="41">
              <value>
                <![CDATA[]]>
              </value>
            </param>
            <param index="42">
              <value>
                <![CDATA[]]>
              </value>
            </param>
            <param index="43">
              <value>
                <![CDATA[]]>
              </value>
            </param>
            <param index="44">
              <value>
                <![CDATA[]]>
              </value>
            </param>
            <param index="45">
              <value>
                <![CDATA[]]>
              </value>
            </param>
            <param index="46">
              <value>
                <![CDATA[]]>
              </value>
            </param>
            <param index="47">
              <value>
                <![CDATA[]]>
              </value>
            </param>
            <param index="48">
              <value>
                <![CDATA[]]>
              </value>
            </param>
            <param index="49">
              <value>
                <![CDATA[]]>
              </value>
            </param>
            <param index="50">
              <value>
                <![CDATA[]]>
              </value>
            </param>
            <param index="51">
              <value>
                <![CDATA[]]>
              </value>
            </param>
            <param index="52">
              <value>
                <![CDATA[]]>
              </value>
            </param>
            <param index="53">
              <value>
                <![CDATA[]]>
              </value>
            </param>
            <param index="54">
              <value>
                <![CDATA[]]>
              </value>
            </param>
            <param index="55">
              <value>
                <![CDATA[]]>
              </value>
            </param>
            <param index="56">
              <value>
                <![CDATA[]]>
              </value>
            </param>
            <param index="57">
              <value>
                <![CDATA[father]]>
              </value>
            </param>
          </params>
          <reporter-output>
          </reporter-output>
        </test-method> <!-- testDataFromExcel -->
        <test-method signature="viewFileInfo()[pri:2, instance:api.test.StdBulkImportTest@7ea9e1e2]" started-at="2024-03-06T12:03:22 IST" name="viewFileInfo" finished-at="2024-03-06T12:03:25 IST" duration-ms="3264" status="FAIL">
          <exception class="java.lang.ClassCastException">
            <message>
              <![CDATA[class java.util.ArrayList cannot be cast to class java.lang.String (java.util.ArrayList and java.lang.String are in module java.base of loader 'bootstrap')]]>
            </message>
            <full-stacktrace>
              <![CDATA[java.lang.ClassCastException: class java.util.ArrayList cannot be cast to class java.lang.String (java.util.ArrayList and java.lang.String are in module java.base of loader 'bootstrap')
at api.test.StdBulkImportTest.viewFileInfo(StdBulkImportTest.java:131)
at java.base/jdk.internal.reflect.NativeMethodAccessorImpl.invoke0(Native Method)
at java.base/jdk.internal.reflect.NativeMethodAccessorImpl.invoke(NativeMethodAccessorImpl.java:77)
at java.base/jdk.internal.reflect.DelegatingMethodAccessorImpl.invoke(DelegatingMethodAccessorImpl.java:43)
at java.base/java.lang.reflect.Method.invoke(Method.java:568)
at org.testng.internal.MethodInvocationHelper.invokeMethod(MethodInvocationHelper.java:133)
at org.testng.internal.TestInvoker.invokeMethod(TestInvoker.java:598)
at org.testng.internal.TestInvoker.invokeTestMethod(TestInvoker.java:173)
at org.testng.internal.MethodRunner.runInSequence(MethodRunner.java:46)
at org.testng.internal.TestInvoker$MethodInvocationAgent.invoke(TestInvoker.java:824)
at org.testng.internal.TestInvoker.invokeTestMethods(TestInvoker.java:146)
at org.testng.internal.TestMethodWorker.invokeTestMethods(TestMethodWorker.java:146)
at org.testng.internal.TestMethodWorker.run(TestMethodWorker.java:128)
at java.base/java.util.ArrayList.forEach(ArrayList.java:1511)
at org.testng.TestRunner.privateRun(TestRunner.java:794)
at org.testng.TestRunner.run(TestRunner.java:596)
at org.testng.SuiteRunner.runTest(SuiteRunner.java:377)
at org.testng.SuiteRunner.runSequentially(SuiteRunner.java:371)
at org.testng.SuiteRunner.privateRun(SuiteRunner.java:332)
at org.testng.SuiteRunner.run(SuiteRunner.java:276)
at org.testng.SuiteRunnerWorker.runSuite(SuiteRunnerWorker.java:53)
at org.testng.SuiteRunnerWorker.run(SuiteRunnerWorker.java:96)
at org.testng.TestNG.runSuitesSequentially(TestNG.java:1212)
at org.testng.TestNG.runSuitesLocally(TestNG.java:1134)
at org.testng.TestNG.runSuites(TestNG.java:1063)
at org.testng.TestNG.run(TestNG.java:1031)
at org.testng.remote.AbstractRemoteTestNG.run(AbstractRemoteTestNG.java:115)
at org.testng.remote.RemoteTestNG.initAndRun(RemoteTestNG.java:251)
at org.testng.remote.RemoteTestNG.main(RemoteTestNG.java:77)
]]>
            </full-stacktrace>
          </exception> <!-- java.lang.ClassCastException -->
          <reporter-output>
          </reporter-output>
        </test-method> <!-- viewFileInfo -->
        <test-method signature="AddStudentExcel()[pri:3, instance:api.test.StdBulkImportTest@7ea9e1e2]" started-at="2024-03-06T12:03:25 IST" name="AddStudentExcel" finished-at="2024-03-06T12:03:25 IST" duration-ms="3" status="FAIL">
          <exception class="java.lang.NullPointerException">
            <message>
              <![CDATA[Cannot invoke "api.payloads.StdImportPojo.getStudentDetails()" because "this.studentDetails" is null]]>
            </message>
            <full-stacktrace>
              <![CDATA[java.lang.NullPointerException: Cannot invoke "api.payloads.StdImportPojo.getStudentDetails()" because "this.studentDetails" is null
at api.test.StdBulkImportTest.AddStudentExcel(StdBulkImportTest.java:142)
at java.base/jdk.internal.reflect.NativeMethodAccessorImpl.invoke0(Native Method)
at java.base/jdk.internal.reflect.NativeMethodAccessorImpl.invoke(NativeMethodAccessorImpl.java:77)
at java.base/jdk.internal.reflect.DelegatingMethodAccessorImpl.invoke(DelegatingMethodAccessorImpl.java:43)
at java.base/java.lang.reflect.Method.invoke(Method.java:568)
at org.testng.internal.MethodInvocationHelper.invokeMethod(MethodInvocationHelper.java:133)
at org.testng.internal.TestInvoker.invokeMethod(TestInvoker.java:598)
at org.testng.internal.TestInvoker.invokeTestMethod(TestInvoker.java:173)
at org.testng.internal.MethodRunner.runInSequence(MethodRunner.java:46)
at org.testng.internal.TestInvoker$MethodInvocationAgent.invoke(TestInvoker.java:824)
at org.testng.internal.TestInvoker.invokeTestMethods(TestInvoker.java:146)
at org.testng.internal.TestMethodWorker.invokeTestMethods(TestMethodWorker.java:146)
at org.testng.internal.TestMethodWorker.run(TestMethodWorker.java:128)
at java.base/java.util.ArrayList.forEach(ArrayList.java:1511)
at org.testng.TestRunner.privateRun(TestRunner.java:794)
at org.testng.TestRunner.run(TestRunner.java:596)
at org.testng.SuiteRunner.runTest(SuiteRunner.java:377)
at org.testng.SuiteRunner.runSequentially(SuiteRunner.java:371)
at org.testng.SuiteRunner.privateRun(SuiteRunner.java:332)
at org.testng.SuiteRunner.run(SuiteRunner.java:276)
at org.testng.SuiteRunnerWorker.runSuite(SuiteRunnerWorker.java:53)
at org.testng.SuiteRunnerWorker.run(SuiteRunnerWorker.java:96)
at org.testng.TestNG.runSuitesSequentially(TestNG.java:1212)
at org.testng.TestNG.runSuitesLocally(TestNG.java:1134)
at org.testng.TestNG.runSuites(TestNG.java:1063)
at org.testng.TestNG.run(TestNG.java:1031)
at org.testng.remote.AbstractRemoteTestNG.run(AbstractRemoteTestNG.java:115)
at org.testng.remote.RemoteTestNG.initAndRun(RemoteTestNG.java:251)
at org.testng.remote.RemoteTestNG.main(RemoteTestNG.java:77)
]]>
            </full-stacktrace>
          </exception> <!-- java.lang.NullPointerException -->
          <reporter-output>
          </reporter-output>
        </test-method> <!-- AddStudentExcel -->
      </class> <!-- api.test.StdBulkImportTest -->
    </test> <!-- Default test -->
  </suite> <!-- Default suite -->
</testng-results>
