<?xml version="1.0" encoding="UTF-8"?>
<testng-results ignored="4" total="5" passed="1" failed="0" skipped="0">
  <reporter-output>
  </reporter-output>
  <suite started-at="2024-04-10T19:12:29 IST" name="Default suite" finished-at="2024-04-10T19:12:32 IST" duration-ms="2494">
    <groups>
    </groups>
    <test started-at="2024-04-10T19:12:29 IST" name="Default test" finished-at="2024-04-10T19:12:32 IST" duration-ms="2494">
      <class name="api.staffTest.StaffCreationTest">
        <test-method signature="StaffCreation()[pri:0, instance:api.staffTest.StaffCreationTest@759d26fb]" started-at="2024-04-10T19:12:29 IST" name="StaffCreation" finished-at="2024-04-10T19:12:32 IST" duration-ms="2439" status="PASS">
          <reporter-output>
          </reporter-output>
        </test-method> <!-- StaffCreation -->
      </class> <!-- api.staffTest.StaffCreationTest -->
    </test> <!-- Default test -->
  </suite> <!-- Default suite -->
</testng-results>
