<?xml version="1.0" encoding="UTF-8"?>
<!-- Generated by org.testng.reporters.JUnitXMLReporter -->
<testsuite ignored="0" hostname="Naveen" failures="0" tests="8" name="Default test" time="52.134" errors="0" timestamp="2024-04-12T18:53:04 IST">
  <testcase classname="api.staffTest.staffBulkImportTest" name="UploadFile_Teacher" time="6.335"/>
  <testcase classname="api.staffTest.staffBulkImportTest" name="UploadFile_Teacher" time="3.296"/>
  <testcase classname="api.staffTest.staffBulkImportTest" name="UploadFile_Teacher" time="3.136"/>
  <testcase classname="api.staffTest.staffBulkImportTest" name="ViewFile_Teacher" time="3.158"/>
  <testcase classname="api.staffTest.staffBulkImportTest" name="importStaff" time="3.747"/>
  <testcase classname="api.staffTest.staffBulkImportTest" name="getBulKImportStaff" time="9.067"/>
  <testcase classname="api.staffTest.staffBulkImportTest" name="UpdateStaff" time="10.757"/>
  <testcase classname="api.staffTest.staffBulkImportTest" name="deleteBulKImportStaff" time="9.185"/>
</testsuite> <!-- Default test -->
