<?xml version="1.0" encoding="UTF-8"?>
<!-- Generated by org.testng.reporters.JUnitXMLReporter -->
<testsuite ignored="0" hostname="Naveen" failures="0" tests="6" name="Default test" time="34.808" errors="0" timestamp="2024-03-07T19:45:30 IST">
  <testcase classname="api.test.StdBulkImportTest" name="testDataFromExcel" time="8.995"/>
  <testcase classname="api.test.StdBulkImportTest" name="testDataFromExcel" time="3.13"/>
  <testcase classname="api.test.StdBulkImportTest" name="viewFileInfo" time="3.344"/>
  <testcase classname="api.test.StdBulkImportTest" name="AddStudentExcel" time="3.603"/>
  <testcase classname="api.test.StdBulkImportTest" name="getBulkStudentInfo" time="6.174"/>
  <testcase classname="api.test.StdBulkImportTest" name="deleteBulkStudent" time="5.801"/>
</testsuite> <!-- Default test -->
